`unstable_features` setting can only be used on nightly channel
{"artifact":"/Users/jon/projects/latlng/target/rls/debug/deps/unicode_xid-abb5d29a78bc2c00.d","emit":"dep-info"}
{"artifact":"/Users/jon/projects/latlng/target/rls/debug/deps/save-analysis/libunicode_xid-abb5d29a78bc2c00.json","emit":"save-analysis"}
{"artifact":"/Users/jon/projects/latlng/target/rls/debug/deps/libunicode_xid-abb5d29a78bc2c00.rmeta","emit":"metadata"}
{"artifact":"/Users/jon/projects/latlng/target/rls/debug/deps/libunicode_xid-abb5d29a78bc2c00.rlib","emit":"link"}
{"artifact":"/Users/jon/projects/latlng/target/rls/debug/deps/cfg_if-224cafc4b959bbef.d","emit":"dep-info"}
{"artifact":"/Users/jon/projects/latlng/target/rls/debug/deps/save-analysis/libcfg_if-224cafc4b959bbef.json","emit":"save-analysis"}
{"artifact":"/Users/jon/projects/latlng/target/rls/debug/deps/libcfg_if-224cafc4b959bbef.rmeta","emit":"metadata"}
{"artifact":"/Users/jon/projects/latlng/target/rls/debug/deps/libcfg_if-224cafc4b959bbef.rlib","emit":"link"}
{"artifact":"/Users/jon/projects/latlng/target/rls/debug/deps/lazy_static-54f6719b7f227f36.d","emit":"dep-info"}
{"artifact":"/Users/jon/projects/latlng/target/rls/debug/deps/save-analysis/liblazy_static-54f6719b7f227f36.json","emit":"save-analysis"}
{"artifact":"/Users/jon/projects/latlng/target/rls/debug/deps/liblazy_static-54f6719b7f227f36.rmeta","emit":"metadata"}
{"artifact":"/Users/jon/projects/latlng/target/rls/debug/deps/liblazy_static-54f6719b7f227f36.rlib","emit":"link"}
{"artifact":"/Users/jon/projects/latlng/target/rls/debug/deps/bumpalo-c1c3dc1623371064.d","emit":"dep-info"}
{"artifact":"/Users/jon/projects/latlng/target/rls/debug/deps/save-analysis/libbumpalo-c1c3dc1623371064.json","emit":"save-analysis"}
{"artifact":"/Users/jon/projects/latlng/target/rls/debug/deps/libbumpalo-c1c3dc1623371064.rmeta","emit":"metadata"}
{"artifact":"/Users/jon/projects/latlng/target/rls/debug/deps/libbumpalo-c1c3dc1623371064.rlib","emit":"link"}
{"artifact":"/Users/jon/projects/latlng/target/rls/debug/deps/wasm_bindgen_shared-975299ff23362547.d","emit":"dep-info"}
{"artifact":"/Users/jon/projects/latlng/target/rls/debug/deps/save-analysis/libwasm_bindgen_shared-975299ff23362547.json","emit":"save-analysis"}
{"artifact":"/Users/jon/projects/latlng/target/rls/debug/deps/libwasm_bindgen_shared-975299ff23362547.rmeta","emit":"metadata"}
{"artifact":"/Users/jon/projects/latlng/target/rls/debug/deps/proc_macro2-40d4cfc83ab9f497.d","emit":"dep-info"}
{"artifact":"/Users/jon/projects/latlng/target/rls/debug/deps/log-7aaad25c4d62af7b.d","emit":"dep-info"}
{"artifact":"/Users/jon/projects/latlng/target/rls/debug/deps/libwasm_bindgen_shared-975299ff23362547.rlib","emit":"link"}
{"artifact":"/Users/jon/projects/latlng/target/rls/debug/deps/save-analysis/liblog-7aaad25c4d62af7b.json","emit":"save-analysis"}
{"artifact":"/Users/jon/projects/latlng/target/rls/debug/deps/liblog-7aaad25c4d62af7b.rmeta","emit":"metadata"}
{"artifact":"/Users/jon/projects/latlng/target/rls/debug/deps/liblog-7aaad25c4d62af7b.rlib","emit":"link"}
{"artifact":"/Users/jon/projects/latlng/target/rls/debug/deps/save-analysis/libproc_macro2-40d4cfc83ab9f497.json","emit":"save-analysis"}
{"artifact":"/Users/jon/projects/latlng/target/rls/debug/deps/libproc_macro2-40d4cfc83ab9f497.rmeta","emit":"metadata"}
{"artifact":"/Users/jon/projects/latlng/target/rls/debug/deps/libproc_macro2-40d4cfc83ab9f497.rlib","emit":"link"}
{"artifact":"/Users/jon/projects/latlng/target/rls/debug/deps/quote-03e86066bb7a1a55.d","emit":"dep-info"}
{"artifact":"/Users/jon/projects/latlng/target/rls/debug/deps/save-analysis/libquote-03e86066bb7a1a55.json","emit":"save-analysis"}
{"artifact":"/Users/jon/projects/latlng/target/rls/debug/deps/libquote-03e86066bb7a1a55.rmeta","emit":"metadata"}
{"artifact":"/Users/jon/projects/latlng/target/rls/debug/deps/libquote-03e86066bb7a1a55.rlib","emit":"link"}
{"artifact":"/Users/jon/projects/latlng/target/rls/debug/deps/syn-d0712232cd774f45.d","emit":"dep-info"}
{"artifact":"/Users/jon/projects/latlng/target/rls/debug/deps/save-analysis/libsyn-d0712232cd774f45.json","emit":"save-analysis"}
{"artifact":"/Users/jon/projects/latlng/target/rls/debug/deps/libsyn-d0712232cd774f45.rmeta","emit":"metadata"}
{"artifact":"/Users/jon/projects/latlng/target/rls/debug/deps/libsyn-d0712232cd774f45.rlib","emit":"link"}
{"artifact":"/Users/jon/projects/latlng/target/rls/debug/deps/wasm_bindgen_backend-14e650e7ff2f1855.d","emit":"dep-info"}
{"artifact":"/Users/jon/projects/latlng/target/rls/debug/deps/save-analysis/libwasm_bindgen_backend-14e650e7ff2f1855.json","emit":"save-analysis"}
{"artifact":"/Users/jon/projects/latlng/target/rls/debug/deps/libwasm_bindgen_backend-14e650e7ff2f1855.rmeta","emit":"metadata"}
{"artifact":"/Users/jon/projects/latlng/target/rls/debug/deps/libwasm_bindgen_backend-14e650e7ff2f1855.rlib","emit":"link"}
